Using pre-set license
Built from '2020.3/staging' branch; Version is '2020.3.10f1 (297d780c91bc) revision 2719096'; Using compiler version '192528614'; Build Type 'Release'
OS: 'Windows 10 Pro; OS build 19044.1766; Version 2009; 64bit' Language: 'en' Physical Memory: 16227 MB
BatchMode: 1, IsHumanControllingUs: 0, StartBugReporterOnCrash: 0, Is64bit: 1, IsPro: 0

 COMMAND LINE ARGUMENTS:
C:\Program Files\Unity\Hub\Editor\2020.3.10f1\Editor\Unity.exe
-adb2
-batchMode
-noUpm
-name
AssetImportWorker0
-projectPath
C:/Users/Admin/Desktop/Estadia2022/Franmayo/Constructora Franmayo
-logFile
Logs/AssetImportWorker0.log
-srvPort
65528
Successfully changed project path to: C:/Users/Admin/Desktop/Estadia2022/Franmayo/Constructora Franmayo
C:/Users/Admin/Desktop/Estadia2022/Franmayo/Constructora Franmayo
Using Asset Import Pipeline V2.
Refreshing native plugins compatible for Editor in 241.65 ms, found 2 plugins.
Preloading 0 native plugins for Editor in 0.00 ms.
Initialize engine version: 2020.3.10f1 (297d780c91bc)
[Subsystems] Discovering subsystems at path C:/Program Files/Unity/Hub/Editor/2020.3.10f1/Editor/Data/Resources/UnitySubsystems
[Subsystems] Discovering subsystems at path C:/Users/Admin/Desktop/Estadia2022/Franmayo/Constructora Franmayo/Assets
GfxDevice: creating device client; threaded=0
Direct3D:
    Version:  Direct3D 11.0 [level 11.1]
    Renderer: Intel(R) UHD Graphics 620 (ID=0x5917)
    Vendor:   
    VRAM:     8113 MB
    Driver:   30.0.101.1340
Initialize mono
Mono path[0] = 'C:/Program Files/Unity/Hub/Editor/2020.3.10f1/Editor/Data/Managed'
Mono path[1] = 'C:/Program Files/Unity/Hub/Editor/2020.3.10f1/Editor/Data/MonoBleedingEdge/lib/mono/unityjit'
Mono config path = 'C:/Program Files/Unity/Hub/Editor/2020.3.10f1/Editor/Data/MonoBleedingEdge/etc'
Using monoOptions --debugger-agent=transport=dt_socket,embedding=1,server=y,suspend=n,address=127.0.0.1:56232
Begin MonoManager ReloadAssembly
Registering precompiled unity dll's ...
Register platform support module: C:/Program Files/Unity/Hub/Editor/2020.3.10f1/Editor/Data/PlaybackEngines/WindowsStandaloneSupport/UnityEditor.WindowsStandalone.Extensions.dll
Registered in 0.005360 seconds.
Native extension for WindowsStandalone target not found
Refreshing native plugins compatible for Editor in 159.65 ms, found 2 plugins.
Preloading 0 native plugins for Editor in 0.00 ms.
Mono: successfully reloaded assembly
- Completed reload, in  3.603 seconds
Platform modules already initialized, skipping
Registering precompiled user dll's ...
Registered in 0.012887 seconds.
Begin MonoManager ReloadAssembly
Native extension for WindowsStandalone target not found
Refreshing native plugins compatible for Editor in 114.04 ms, found 2 plugins.
Preloading 0 native plugins for Editor in 0.00 ms.
Mono: successfully reloaded assembly
- Completed reload, in  3.153 seconds
Platform modules already initialized, skipping
========================================================================
Worker process is ready to serve import requests
Launched and connected shader compiler UnityShaderCompiler.exe after 0.14 seconds
Refreshing native plugins compatible for Editor in 1.16 ms, found 2 plugins.
Preloading 0 native plugins for Editor in 0.00 ms.
Unloading 1864 Unused Serialized files (Serialized files now loaded: 0)
System memory in use before: 83.6 MB.
System memory in use after: 83.7 MB.

Unloading 23 unused Assets to reduce memory usage. Loaded Objects now: 2299.
Total: 6.558500 ms (FindLiveObjects: 0.532300 ms CreateObjectMapping: 0.279500 ms MarkObjects: 5.552100 ms  DeleteObjects: 0.191100 ms)

========================================================================
Received Import Request.
  path: Assets/Materials/Floor.mat
  artifactKey: Guid(8bc66c32bcc20154f91d0f3fc8d2d55c) Importer(815301076,1909f56bfc062723c751e8b465ee728b)
Start importing Assets/Materials/Floor.mat using Guid(8bc66c32bcc20154f91d0f3fc8d2d55c) Importer(815301076,1909f56bfc062723c751e8b465ee728b)  -> (artifact id: 'ef24120c1617857624eb8ee89d2f264d') in 0.428553 seconds
  Import took 0.438550 seconds .

========================================================================
Received Import Request.
  Time since last request: 6.840469 seconds.
  path: Assets/Materials/azulejococina.mat
  artifactKey: Guid(70120c9236a9d0443be4d7b53a297006) Importer(815301076,1909f56bfc062723c751e8b465ee728b)
Start importing Assets/Materials/azulejococina.mat using Guid(70120c9236a9d0443be4d7b53a297006) Importer(815301076,1909f56bfc062723c751e8b465ee728b)  -> (artifact id: '4c841971728f1792bf252ad9a354fef2') in 0.029860 seconds
  Import took 0.037730 seconds .

========================================================================
Received Import Request.
  Time since last request: 297.252976 seconds.
  path: Assets/Materials/Maps/azulejococina.jpg
  artifactKey: Guid(65c269ba0ee4f8149b2bf8cd416e178a) Importer(815301076,1909f56bfc062723c751e8b465ee728b)
Start importing Assets/Materials/Maps/azulejococina.jpg using Guid(65c269ba0ee4f8149b2bf8cd416e178a) Importer(815301076,1909f56bfc062723c751e8b465ee728b)  -> (artifact id: 'ffeb682fc448db069e625921ae111a11') in 0.167611 seconds
  Import took 0.177595 seconds .

========================================================================
Received Import Request.
  Time since last request: 0.000407 seconds.
  path: Assets/Materials/Maps/azulejococina1.jpg
  artifactKey: Guid(1d05af4d4b6a3b54cbb9a4f75e43b288) Importer(815301076,1909f56bfc062723c751e8b465ee728b)
Start importing Assets/Materials/Maps/azulejococina1.jpg using Guid(1d05af4d4b6a3b54cbb9a4f75e43b288) Importer(815301076,1909f56bfc062723c751e8b465ee728b)  -> (artifact id: 'c4709131562c33f5074d2640ebf72062') in 0.023789 seconds
  Import took 0.031577 seconds .

========================================================================
Received Prepare
Registering precompiled user dll's ...
Registered in 0.007802 seconds.
Begin MonoManager ReloadAssembly
Native extension for WindowsStandalone target not found
Refreshing native plugins compatible for Editor in 1.02 ms, found 2 plugins.
Preloading 0 native plugins for Editor in 0.00 ms.
Mono: successfully reloaded assembly
- Completed reload, in  3.080 seconds
Platform modules already initialized, skipping
Refreshing native plugins compatible for Editor in 1.07 ms, found 2 plugins.
Preloading 0 native plugins for Editor in 0.00 ms.
Unloading 1856 Unused Serialized files (Serialized files now loaded: 0)
System memory in use before: 86.8 MB.
System memory in use after: 86.9 MB.

Unloading 16 unused Assets to reduce memory usage. Loaded Objects now: 2344.
Total: 5.559400 ms (FindLiveObjects: 0.493200 ms CreateObjectMapping: 0.161100 ms MarkObjects: 4.772400 ms  DeleteObjects: 0.130100 ms)

========================================================================
Received Import Request.
  Time since last request: 3176.719158 seconds.
  path: Assets/Materials/Maps/azulejococina1.jpg
  artifactKey: Guid(1d05af4d4b6a3b54cbb9a4f75e43b288) Importer(815301076,1909f56bfc062723c751e8b465ee728b)
Start importing Assets/Materials/Maps/azulejococina1.jpg using Guid(1d05af4d4b6a3b54cbb9a4f75e43b288) Importer(815301076,1909f56bfc062723c751e8b465ee728b)  -> (artifact id: '0d96a2698a6cc097ae9f6f64a7e36ce0') in 0.190036 seconds
  Import took 0.204055 seconds .

========================================================================
Received Import Request.
  Time since last request: 0.016171 seconds.
  path: Assets/Materials/Maps/azulejococina1.jpg
  artifactKey: Guid(1d05af4d4b6a3b54cbb9a4f75e43b288) Importer(815301076,1909f56bfc062723c751e8b465ee728b)
Start importing Assets/Materials/Maps/azulejococina1.jpg using Guid(1d05af4d4b6a3b54cbb9a4f75e43b288) Importer(815301076,1909f56bfc062723c751e8b465ee728b)  -> (artifact id: '0d96a2698a6cc097ae9f6f64a7e36ce0') in 0.031009 seconds
  Import took 0.039971 seconds .

AssetImportWorkerClient::OnTransportError - code=2 error=End of file
