Using pre-set license
Built from '2020.3/staging' branch; Version is '2020.3.10f1 (297d780c91bc) revision 2719096'; Using compiler version '192528614'; Build Type 'Release'
OS: 'Windows 10 Home; OS build 19044.1706; Version 2009; 64bit' Language: 'es' Physical Memory: 8025 MB
BatchMode: 1, IsHumanControllingUs: 0, StartBugReporterOnCrash: 0, Is64bit: 1, IsPro: 0

 COMMAND LINE ARGUMENTS:
C:\Program Files\Unity\Hub\Editor\2020.3.10f1\Editor\Unity.exe
-adb2
-batchMode
-noUpm
-name
AssetImportWorker3
-projectPath
C:/Users/Jonathan/Documents/GitHub/Franmayo/Constructora Franmayo
-logFile
Logs/AssetImportWorker3.log
-srvPort
59553
Successfully changed project path to: C:/Users/Jonathan/Documents/GitHub/Franmayo/Constructora Franmayo
C:/Users/Jonathan/Documents/GitHub/Franmayo/Constructora Franmayo
Using Asset Import Pipeline V2.
Refreshing native plugins compatible for Editor in 40.91 ms, found 2 plugins.
Preloading 0 native plugins for Editor in 0.00 ms.
Initialize engine version: 2020.3.10f1 (297d780c91bc)
[Subsystems] Discovering subsystems at path C:/Program Files/Unity/Hub/Editor/2020.3.10f1/Editor/Data/Resources/UnitySubsystems
[Subsystems] Discovering subsystems at path C:/Users/Jonathan/Documents/GitHub/Franmayo/Constructora Franmayo/Assets
GfxDevice: creating device client; threaded=0
Direct3D:
    Version:  Direct3D 11.0 [level 11.1]
    Renderer: Intel(R) UHD Graphics 620 (ID=0x5917)
    Vendor:   
    VRAM:     4012 MB
    Driver:   26.20.100.7263
Initialize mono
Mono path[0] = 'C:/Program Files/Unity/Hub/Editor/2020.3.10f1/Editor/Data/Managed'
Mono path[1] = 'C:/Program Files/Unity/Hub/Editor/2020.3.10f1/Editor/Data/MonoBleedingEdge/lib/mono/unityjit'
Mono config path = 'C:/Program Files/Unity/Hub/Editor/2020.3.10f1/Editor/Data/MonoBleedingEdge/etc'
Using monoOptions --debugger-agent=transport=dt_socket,embedding=1,server=y,suspend=n,address=127.0.0.1:56000
Begin MonoManager ReloadAssembly
Registering precompiled unity dll's ...
Register platform support module: C:/Program Files/Unity/Hub/Editor/2020.3.10f1/Editor/Data/PlaybackEngines/WebGLSupport/UnityEditor.WebGL.Extensions.dll
Register platform support module: C:/Program Files/Unity/Hub/Editor/2020.3.10f1/Editor/Data/PlaybackEngines/WindowsStandaloneSupport/UnityEditor.WindowsStandalone.Extensions.dll
Registered in 0.002568 seconds.
Native extension for WindowsStandalone target not found
Native extension for WebGL target not found
Refreshing native plugins compatible for Editor in 40.70 ms, found 2 plugins.
Preloading 0 native plugins for Editor in 0.00 ms.
Mono: successfully reloaded assembly
- Completed reload, in  3.604 seconds
Platform modules already initialized, skipping
Registering precompiled user dll's ...
Registered in 0.004298 seconds.
Begin MonoManager ReloadAssembly
Native extension for WindowsStandalone target not found
Native extension for WebGL target not found
Refreshing native plugins compatible for Editor in 0.44 ms, found 2 plugins.
Preloading 0 native plugins for Editor in 0.00 ms.
Mono: successfully reloaded assembly
- Completed reload, in  1.599 seconds
Platform modules already initialized, skipping
========================================================================
Worker process is ready to serve import requests
Launched and connected shader compiler UnityShaderCompiler.exe after 0.05 seconds
Refreshing native plugins compatible for Editor in 0.44 ms, found 2 plugins.
Preloading 0 native plugins for Editor in 0.00 ms.
Unloading 1407 Unused Serialized files (Serialized files now loaded: 0)
System memory in use before: 67.0 MB.
System memory in use after: 67.0 MB.

Unloading 19 unused Assets to reduce memory usage. Loaded Objects now: 1841.
Total: 2.226600 ms (FindLiveObjects: 0.162000 ms CreateObjectMapping: 0.048500 ms MarkObjects: 1.934600 ms  DeleteObjects: 0.080600 ms)

========================================================================
Received Import Request.
  path: Assets/New Terrain.asset
  artifactKey: Guid(5188c3cd478a09f47a525b50081ac8ea) Importer(815301076,1909f56bfc062723c751e8b465ee728b)
Start importing Assets/New Terrain.asset using Guid(5188c3cd478a09f47a525b50081ac8ea) Importer(815301076,1909f56bfc062723c751e8b465ee728b)  -> (artifact id: 'b0471cad3f04e7a9d15f5adae326d9a6') in 0.253659 seconds
  Import took 0.258769 seconds .

========================================================================
Received Import Request.
  Time since last request: 30.866000 seconds.
  path: Assets/FurnishedCabin/Meshes/Basket.fbx
  artifactKey: Guid(b2faaff453e184e16b2caab0bf62ec2d) Importer(815301076,1909f56bfc062723c751e8b465ee728b)
Start importing Assets/FurnishedCabin/Meshes/Basket.fbx using Guid(b2faaff453e184e16b2caab0bf62ec2d) Importer(815301076,1909f56bfc062723c751e8b465ee728b)  -> (artifact id: '399fc080c64c3ebe79aa0f24a65ec156') in 2.351846 seconds
  Import took 2.357752 seconds .

========================================================================
Received Import Request.
  Time since last request: 0.000511 seconds.
  path: Assets/FurnishedCabin/Meshes/Fridge.fbx
  artifactKey: Guid(5de4dc4e4227b4ebbb0d9d8e1fc89801) Importer(815301076,1909f56bfc062723c751e8b465ee728b)
Start importing Assets/FurnishedCabin/Meshes/Fridge.fbx using Guid(5de4dc4e4227b4ebbb0d9d8e1fc89801) Importer(815301076,1909f56bfc062723c751e8b465ee728b)  -> (artifact id: '6965ea887d141ffcc5b9a892164ffab4') in 0.335775 seconds
  Import took 0.343020 seconds .

========================================================================
Received Import Request.
  Time since last request: 0.000476 seconds.
  path: Assets/FurnishedCabin/Meshes/LightCover.fbx
  artifactKey: Guid(2c3e54670f1114c709157026c232cfeb) Importer(815301076,1909f56bfc062723c751e8b465ee728b)
Start importing Assets/FurnishedCabin/Meshes/LightCover.fbx using Guid(2c3e54670f1114c709157026c232cfeb) Importer(815301076,1909f56bfc062723c751e8b465ee728b)  -> (artifact id: '42fd97698fd66705e487e170898650d7') in 0.060783 seconds
  Import took 0.067022 seconds .

========================================================================
Received Import Request.
  Time since last request: 0.000297 seconds.
  path: Assets/FurnishedCabin/Meshes/Pantry.fbx
  artifactKey: Guid(4bfa61944d51443af9df337c549d747a) Importer(815301076,1909f56bfc062723c751e8b465ee728b)
Start importing Assets/FurnishedCabin/Meshes/Pantry.fbx using Guid(4bfa61944d51443af9df337c549d747a) Importer(815301076,1909f56bfc062723c751e8b465ee728b)  -> (artifact id: 'c258e6ab7cc0161bea86c9c1ac0bc943') in 0.104849 seconds
  Import took 0.111910 seconds .

========================================================================
Received Import Request.
  Time since last request: 0.000395 seconds.
  path: Assets/FurnishedCabin/Meshes/DiningTable.fbx
  artifactKey: Guid(461c3d4bbf4534691892261103fd5525) Importer(815301076,1909f56bfc062723c751e8b465ee728b)
Start importing Assets/FurnishedCabin/Meshes/DiningTable.fbx using Guid(461c3d4bbf4534691892261103fd5525) Importer(815301076,1909f56bfc062723c751e8b465ee728b)  -> (artifact id: '184875206c882e423c3b73f4535aff83') in 0.047311 seconds
  Import took 0.055151 seconds .

========================================================================
Received Import Request.
  Time since last request: 0.000262 seconds.
  path: Assets/FurnishedCabin/Meshes/DoorSingle.fbx
  artifactKey: Guid(03e880133708442c4b8533df94284924) Importer(815301076,1909f56bfc062723c751e8b465ee728b)
Start importing Assets/FurnishedCabin/Meshes/DoorSingle.fbx using Guid(03e880133708442c4b8533df94284924) Importer(815301076,1909f56bfc062723c751e8b465ee728b)  -> (artifact id: 'c4ba5dd854d6bd81d3b86e08d2222c33') in 0.722365 seconds
  Import took 0.727194 seconds .

========================================================================
Received Import Request.
  Time since last request: 0.000626 seconds.
  path: Assets/FurnishedCabin/Meshes/BathroomSink.fbx
  artifactKey: Guid(cdc73258ef2d5ee449fe6d18ccf0122f) Importer(815301076,1909f56bfc062723c751e8b465ee728b)
Start importing Assets/FurnishedCabin/Meshes/BathroomSink.fbx using Guid(cdc73258ef2d5ee449fe6d18ccf0122f) Importer(815301076,1909f56bfc062723c751e8b465ee728b)  -> (artifact id: 'e898cd6bb65adb82e2fd29fff212e158') in 0.208204 seconds
  Import took 0.215102 seconds .

========================================================================
Received Import Request.
  Time since last request: 0.000475 seconds.
  path: Assets/FurnishedCabin/Meshes/FreestandMirror.fbx
  artifactKey: Guid(b53e9c84208cc48d8b1adc74360d8db7) Importer(815301076,1909f56bfc062723c751e8b465ee728b)
Start importing Assets/FurnishedCabin/Meshes/FreestandMirror.fbx using Guid(b53e9c84208cc48d8b1adc74360d8db7) Importer(815301076,1909f56bfc062723c751e8b465ee728b)  -> (artifact id: 'ddda568b4980e75f7b8df8d5adbe1bc0') in 0.071509 seconds
  Import took 0.077450 seconds .

========================================================================
Received Import Request.
  Time since last request: 0.000301 seconds.
  path: Assets/FurnishedCabin/Meshes/Sofa.fbx
  artifactKey: Guid(0cf5e90e2357e254fb0b8e86b93898a7) Importer(815301076,1909f56bfc062723c751e8b465ee728b)
Start importing Assets/FurnishedCabin/Meshes/Sofa.fbx using Guid(0cf5e90e2357e254fb0b8e86b93898a7) Importer(815301076,1909f56bfc062723c751e8b465ee728b)  -> (artifact id: '883409ab3bbd64ba1947b42003ad90a0') in 0.055128 seconds
  Import took 0.060467 seconds .

========================================================================
Received Import Request.
  Time since last request: 0.000280 seconds.
  path: Assets/FurnishedCabin/Meshes/CoffeeTable.fbx
  artifactKey: Guid(87dbd671cf01c4a2092308da3db7c073) Importer(815301076,1909f56bfc062723c751e8b465ee728b)
Start importing Assets/FurnishedCabin/Meshes/CoffeeTable.fbx using Guid(87dbd671cf01c4a2092308da3db7c073) Importer(815301076,1909f56bfc062723c751e8b465ee728b)  -> (artifact id: '3c0c73f8bf7bfba277d73dc34c06522b') in 0.049982 seconds
  Import took 0.055063 seconds .

========================================================================
Received Import Request.
  Time since last request: 0.000304 seconds.
  path: Assets/FurnishedCabin/Meshes/Building.fbx
  artifactKey: Guid(98e60240b18f7429b87de03283152eb9) Importer(815301076,1909f56bfc062723c751e8b465ee728b)
Start importing Assets/FurnishedCabin/Meshes/Building.fbx using Guid(98e60240b18f7429b87de03283152eb9) Importer(815301076,1909f56bfc062723c751e8b465ee728b)  -> (artifact id: '17d6cd3bcd0434adbad63f9f4a71db98') in 0.104003 seconds
  Import took 0.114827 seconds .

========================================================================
Received Import Request.
  Time since last request: 0.000431 seconds.
  path: Assets/FurnishedCabin/Meshes/Carpet.fbx
  artifactKey: Guid(b82ea09c564244770861a67c8c28a0db) Importer(815301076,1909f56bfc062723c751e8b465ee728b)
Start importing Assets/FurnishedCabin/Meshes/Carpet.fbx using Guid(b82ea09c564244770861a67c8c28a0db) Importer(815301076,1909f56bfc062723c751e8b465ee728b)  -> (artifact id: 'eba17d3ee82b37c89fc24fdc20f4d800') in 0.069420 seconds
  Import took 0.077325 seconds .

========================================================================
Received Import Request.
  Time since last request: 0.000377 seconds.
  path: Assets/FurnishedCabin/Meshes/DoorDouble.fbx
  artifactKey: Guid(0679e7662e39f4c88a029a5a019f1019) Importer(815301076,1909f56bfc062723c751e8b465ee728b)
Start importing Assets/FurnishedCabin/Meshes/DoorDouble.fbx using Guid(0679e7662e39f4c88a029a5a019f1019) Importer(815301076,1909f56bfc062723c751e8b465ee728b)  -> (artifact id: '3433872076f88780718149f24a9cc8a8') in 0.066980 seconds
  Import took 0.073883 seconds .

========================================================================
Received Import Request.
  Time since last request: 0.000336 seconds.
  path: Assets/FurnishedCabin/Meshes/Lightswitch.fbx
  artifactKey: Guid(05c7d60c5a0554567951323c7c871432) Importer(815301076,1909f56bfc062723c751e8b465ee728b)
Start importing Assets/FurnishedCabin/Meshes/Lightswitch.fbx using Guid(05c7d60c5a0554567951323c7c871432) Importer(815301076,1909f56bfc062723c751e8b465ee728b)  -> (artifact id: 'd04376dbf470f48212d7a1712f2a4952') in 0.052810 seconds
  Import took 0.058450 seconds .

========================================================================
Received Import Request.
  Time since last request: 0.000648 seconds.
  path: Assets/FurnishedCabin/Meshes/BedroomSofa.fbx
  artifactKey: Guid(aa28c890d9e8b5e449d701805e420020) Importer(815301076,1909f56bfc062723c751e8b465ee728b)
Start importing Assets/FurnishedCabin/Meshes/BedroomSofa.fbx using Guid(aa28c890d9e8b5e449d701805e420020) Importer(815301076,1909f56bfc062723c751e8b465ee728b)  -> (artifact id: '5e0c2786f04cc2aad0a7e2a8ca18daf7') in 0.050710 seconds
  Import took 0.059531 seconds .

========================================================================
Received Import Request.
  Time since last request: 0.000577 seconds.
  path: Assets/FurnishedCabin/Meshes/Closet.fbx
  artifactKey: Guid(1a6cb6ae194964e949def57e23f52428) Importer(815301076,1909f56bfc062723c751e8b465ee728b)
Start importing Assets/FurnishedCabin/Meshes/Closet.fbx using Guid(1a6cb6ae194964e949def57e23f52428) Importer(815301076,1909f56bfc062723c751e8b465ee728b)  -> (artifact id: '4474c007909250a98b07f7b9c3261f4b') in 0.316594 seconds
  Import took 0.320878 seconds .

========================================================================
Received Import Request.
  Time since last request: 0.000345 seconds.
  path: Assets/FurnishedCabin/Meshes/Bed.fbx
  artifactKey: Guid(78cca8ac5dce04729af9f9377e69636c) Importer(815301076,1909f56bfc062723c751e8b465ee728b)
Start importing Assets/FurnishedCabin/Meshes/Bed.fbx using Guid(78cca8ac5dce04729af9f9377e69636c) Importer(815301076,1909f56bfc062723c751e8b465ee728b)  -> (artifact id: '7bf4374fd6e20f83da213a279dd71192') in 0.084378 seconds
  Import took 0.087719 seconds .

========================================================================
Received Import Request.
  Time since last request: 0.000324 seconds.
  path: Assets/FurnishedCabin/Meshes/ChestOfDraws.fbx
  artifactKey: Guid(e41b6552046814b19a9905c4f669429b) Importer(815301076,1909f56bfc062723c751e8b465ee728b)
Start importing Assets/FurnishedCabin/Meshes/ChestOfDraws.fbx using Guid(e41b6552046814b19a9905c4f669429b) Importer(815301076,1909f56bfc062723c751e8b465ee728b)  -> (artifact id: '457c036e72f331a1871ad911fb9e1f5a') in 0.310155 seconds
  Import took 0.313568 seconds .

========================================================================
Received Import Request.
  Time since last request: 0.000342 seconds.
  path: Assets/FurnishedCabin/Meshes/Fireplace.fbx
  artifactKey: Guid(91dd9734515124a55a7601f751109097) Importer(815301076,1909f56bfc062723c751e8b465ee728b)
Start importing Assets/FurnishedCabin/Meshes/Fireplace.fbx using Guid(91dd9734515124a55a7601f751109097) Importer(815301076,1909f56bfc062723c751e8b465ee728b)  -> (artifact id: '20edbb4691fe6a28ed897e70fccdfa84') in 0.051692 seconds
  Import took 0.056244 seconds .

========================================================================
Received Import Request.
  Time since last request: 0.000248 seconds.
  path: Assets/FurnishedCabin/Meshes/DiningChair.fbx
  artifactKey: Guid(cfcf075e496092c489e38a82a64dd637) Importer(815301076,1909f56bfc062723c751e8b465ee728b)
Start importing Assets/FurnishedCabin/Meshes/DiningChair.fbx using Guid(cfcf075e496092c489e38a82a64dd637) Importer(815301076,1909f56bfc062723c751e8b465ee728b)  -> (artifact id: 'e9147619911c39175f6f82403079844b') in 0.204341 seconds
  Import took 0.209591 seconds .

========================================================================
Received Import Request.
  Time since last request: 0.000322 seconds.
  path: Assets/FurnishedCabin/Meshes/Curtain.fbx
  artifactKey: Guid(2b9feae22f933444ea115e64ae65fe7c) Importer(815301076,1909f56bfc062723c751e8b465ee728b)
Start importing Assets/FurnishedCabin/Meshes/Curtain.fbx using Guid(2b9feae22f933444ea115e64ae65fe7c) Importer(815301076,1909f56bfc062723c751e8b465ee728b)  -> (artifact id: '6991b93c7f4ff2e91661fd3d77d9fb57') in 0.053533 seconds
  Import took 0.056843 seconds .

========================================================================
Received Import Request.
  Time since last request: 0.000340 seconds.
  path: Assets/FurnishedCabin/Meshes/Shower.fbx
  artifactKey: Guid(6c68c65c918b64edfaa371c21abdf405) Importer(815301076,1909f56bfc062723c751e8b465ee728b)
Start importing Assets/FurnishedCabin/Meshes/Shower.fbx using Guid(6c68c65c918b64edfaa371c21abdf405) Importer(815301076,1909f56bfc062723c751e8b465ee728b)  -> (artifact id: '3dd8f151db16493c6a95b5b14c13915b') in 0.107575 seconds
  Import took 0.112350 seconds .

========================================================================
Received Import Request.
  Time since last request: 0.000368 seconds.
  path: Assets/FurnishedCabin/Meshes/BedsideTable.fbx
  artifactKey: Guid(045a04ff344c14574b5a7bfd7a6e86cb) Importer(815301076,1909f56bfc062723c751e8b465ee728b)
Start importing Assets/FurnishedCabin/Meshes/BedsideTable.fbx using Guid(045a04ff344c14574b5a7bfd7a6e86cb) Importer(815301076,1909f56bfc062723c751e8b465ee728b)  -> (artifact id: '08f18780203e299758073514e1e35279') in 0.063182 seconds
  Import took 0.066546 seconds .

========================================================================
Received Import Request.
  Time since last request: 0.000274 seconds.
  path: Assets/FurnishedCabin/Meshes/OvenExhaustFan.fbx
  artifactKey: Guid(85bb7b7b18a084921b183acf5a2e3e64) Importer(815301076,1909f56bfc062723c751e8b465ee728b)
Start importing Assets/FurnishedCabin/Meshes/OvenExhaustFan.fbx using Guid(85bb7b7b18a084921b183acf5a2e3e64) Importer(815301076,1909f56bfc062723c751e8b465ee728b)  -> (artifact id: 'be1ccdcd684eb030141b236607e861ca') in 0.056750 seconds
  Import took 0.059923 seconds .

========================================================================
Received Import Request.
  Time since last request: 0.000300 seconds.
  path: Assets/FurnishedCabin/Meshes/CurtainSmall.fbx
  artifactKey: Guid(43d79aaf9fe2b4ccaa12db9228294f34) Importer(815301076,1909f56bfc062723c751e8b465ee728b)
Start importing Assets/FurnishedCabin/Meshes/CurtainSmall.fbx using Guid(43d79aaf9fe2b4ccaa12db9228294f34) Importer(815301076,1909f56bfc062723c751e8b465ee728b)  -> (artifact id: '646d6f438196891cde40e30563550a35') in 0.096012 seconds
  Import took 0.099477 seconds .

========================================================================
Received Import Request.
  Time since last request: 0.000335 seconds.
  path: Assets/FurnishedCabin/Meshes/BuildingModular.fbx
  artifactKey: Guid(d4cfb0dac2f1d23438d76065a0e8f08c) Importer(815301076,1909f56bfc062723c751e8b465ee728b)
Start importing Assets/FurnishedCabin/Meshes/BuildingModular.fbx using Guid(d4cfb0dac2f1d23438d76065a0e8f08c) Importer(815301076,1909f56bfc062723c751e8b465ee728b)  -> (artifact id: '1dfeef37e61468dc0440b54e8586ea51') in 0.558692 seconds
  Import took 0.562769 seconds .

========================================================================
Received Import Request.
  Time since last request: 0.000334 seconds.
  path: Assets/FurnishedCabin/Meshes/KitchenBench.fbx
  artifactKey: Guid(14cf328cd0a9046e5a177954438c6a56) Importer(815301076,1909f56bfc062723c751e8b465ee728b)
Start importing Assets/FurnishedCabin/Meshes/KitchenBench.fbx using Guid(14cf328cd0a9046e5a177954438c6a56) Importer(815301076,1909f56bfc062723c751e8b465ee728b)  -> (artifact id: '9f96c359124d5c7a1eb2c208aea445e4') in 0.101669 seconds
  Import took 0.104894 seconds .

========================================================================
Received Import Request.
  Time since last request: 0.000227 seconds.
  path: Assets/FurnishedCabin/Meshes/Lamp.fbx
  artifactKey: Guid(6d218f58f8d994088bdbda6c916f467f) Importer(815301076,1909f56bfc062723c751e8b465ee728b)
Start importing Assets/FurnishedCabin/Meshes/Lamp.fbx using Guid(6d218f58f8d994088bdbda6c916f467f) Importer(815301076,1909f56bfc062723c751e8b465ee728b)  -> (artifact id: 'bf45585540c894773e290dfcb279ef3e') in 0.048011 seconds
  Import took 0.051873 seconds .

========================================================================
Received Import Request.
  Time since last request: 0.000280 seconds.
  path: Assets/FurnishedCabin/Meshes/SofaSmall.fbx
  artifactKey: Guid(5ced1428a23f623448aad5b76e93dd8d) Importer(815301076,1909f56bfc062723c751e8b465ee728b)
Start importing Assets/FurnishedCabin/Meshes/SofaSmall.fbx using Guid(5ced1428a23f623448aad5b76e93dd8d) Importer(815301076,1909f56bfc062723c751e8b465ee728b)  -> (artifact id: 'bbf4737f3a8080b610b319d094c9b139') in 0.046774 seconds
  Import took 0.049984 seconds .

AssetImportWorkerClient::OnTransportError - code=2 error=End of file
