Using pre-set license
Built from '2020.3/staging' branch; Version is '2020.3.10f1 (297d780c91bc) revision 2719096'; Using compiler version '192528614'; Build Type 'Release'
OS: 'Windows 10 Home; OS build 19044.1706; Version 2009; 64bit' Language: 'es' Physical Memory: 8025 MB
BatchMode: 1, IsHumanControllingUs: 0, StartBugReporterOnCrash: 0, Is64bit: 1, IsPro: 0

 COMMAND LINE ARGUMENTS:
C:\Program Files\Unity\Hub\Editor\2020.3.10f1\Editor\Unity.exe
-adb2
-batchMode
-noUpm
-name
AssetImportWorker1
-projectPath
C:/Users/Jonathan/Documents/GitHub/Franmayo/Constructora Franmayo
-logFile
Logs/AssetImportWorker1.log
-srvPort
51218
Successfully changed project path to: C:/Users/Jonathan/Documents/GitHub/Franmayo/Constructora Franmayo
C:/Users/Jonathan/Documents/GitHub/Franmayo/Constructora Franmayo
Using Asset Import Pipeline V2.
Refreshing native plugins compatible for Editor in 38.68 ms, found 2 plugins.
Preloading 0 native plugins for Editor in 0.00 ms.
Initialize engine version: 2020.3.10f1 (297d780c91bc)
[Subsystems] Discovering subsystems at path C:/Program Files/Unity/Hub/Editor/2020.3.10f1/Editor/Data/Resources/UnitySubsystems
[Subsystems] Discovering subsystems at path C:/Users/Jonathan/Documents/GitHub/Franmayo/Constructora Franmayo/Assets
GfxDevice: creating device client; threaded=0
Direct3D:
    Version:  Direct3D 11.0 [level 11.1]
    Renderer: Intel(R) UHD Graphics 620 (ID=0x5917)
    Vendor:   
    VRAM:     4012 MB
    Driver:   26.20.100.7263
Initialize mono
Mono path[0] = 'C:/Program Files/Unity/Hub/Editor/2020.3.10f1/Editor/Data/Managed'
Mono path[1] = 'C:/Program Files/Unity/Hub/Editor/2020.3.10f1/Editor/Data/MonoBleedingEdge/lib/mono/unityjit'
Mono config path = 'C:/Program Files/Unity/Hub/Editor/2020.3.10f1/Editor/Data/MonoBleedingEdge/etc'
Using monoOptions --debugger-agent=transport=dt_socket,embedding=1,server=y,suspend=n,address=127.0.0.1:56108
Begin MonoManager ReloadAssembly
Registering precompiled unity dll's ...
Register platform support module: C:/Program Files/Unity/Hub/Editor/2020.3.10f1/Editor/Data/PlaybackEngines/WebGLSupport/UnityEditor.WebGL.Extensions.dll
Register platform support module: C:/Program Files/Unity/Hub/Editor/2020.3.10f1/Editor/Data/PlaybackEngines/WindowsStandaloneSupport/UnityEditor.WindowsStandalone.Extensions.dll
Registered in 0.002597 seconds.
Native extension for WindowsStandalone target not found
Native extension for WebGL target not found
Refreshing native plugins compatible for Editor in 36.60 ms, found 2 plugins.
Preloading 0 native plugins for Editor in 0.00 ms.
Mono: successfully reloaded assembly
- Completed reload, in  1.827 seconds
Platform modules already initialized, skipping
Registering precompiled user dll's ...
Registered in 0.004306 seconds.
Begin MonoManager ReloadAssembly
Native extension for WindowsStandalone target not found
Native extension for WebGL target not found
Refreshing native plugins compatible for Editor in 0.49 ms, found 2 plugins.
Preloading 0 native plugins for Editor in 0.00 ms.
Mono: successfully reloaded assembly
- Completed reload, in  1.105 seconds
Platform modules already initialized, skipping
========================================================================
Worker process is ready to serve import requests
Launched and connected shader compiler UnityShaderCompiler.exe after 0.05 seconds
Refreshing native plugins compatible for Editor in 0.43 ms, found 2 plugins.
Preloading 0 native plugins for Editor in 0.00 ms.
Unloading 1407 Unused Serialized files (Serialized files now loaded: 0)
System memory in use before: 67.0 MB.
System memory in use after: 67.0 MB.

Unloading 19 unused Assets to reduce memory usage. Loaded Objects now: 1841.
Total: 2.318800 ms (FindLiveObjects: 0.173600 ms CreateObjectMapping: 0.049700 ms MarkObjects: 2.010300 ms  DeleteObjects: 0.084500 ms)

========================================================================
Received Import Request.
  path: Assets/FurnishedCabin/Meshes/TVStand.fbx
  artifactKey: Guid(49a6824fe442d4dbbbf83484cbb57db1) Importer(815301076,1909f56bfc062723c751e8b465ee728b)
Start importing Assets/FurnishedCabin/Meshes/TVStand.fbx using Guid(49a6824fe442d4dbbbf83484cbb57db1) Importer(815301076,1909f56bfc062723c751e8b465ee728b)  -> (artifact id: '873f82d81f1ee8886ba4503f35c4d874') in 2.718079 seconds
  Import took 2.850093 seconds .

========================================================================
Received Import Request.
  Time since last request: 0.000322 seconds.
  path: Assets/FurnishedCabin/Meshes/Toilet.fbx
  artifactKey: Guid(361d39cd9e9d9495aac07c02c06df127) Importer(815301076,1909f56bfc062723c751e8b465ee728b)
Start importing Assets/FurnishedCabin/Meshes/Toilet.fbx using Guid(361d39cd9e9d9495aac07c02c06df127) Importer(815301076,1909f56bfc062723c751e8b465ee728b)  -> (artifact id: 'd725dc5224e17234eb1b45a21e8dd38f') in 0.089377 seconds
  Import took 0.167951 seconds .

========================================================================
Received Import Request.
  Time since last request: 0.000361 seconds.
  path: Assets/FurnishedCabin/Meshes/Towel.fbx
  artifactKey: Guid(c3c06bf3731094f39bb21b24568f8a72) Importer(815301076,1909f56bfc062723c751e8b465ee728b)
Start importing Assets/FurnishedCabin/Meshes/Towel.fbx using Guid(c3c06bf3731094f39bb21b24568f8a72) Importer(815301076,1909f56bfc062723c751e8b465ee728b)  -> (artifact id: '876bf815d52fbf913dace54cad16194a') in 0.060449 seconds
  Import took 0.063859 seconds .

========================================================================
Received Import Request.
  Time since last request: 0.000324 seconds.
  path: Assets/FurnishedCabin/Meshes/Sphere.fbx
  artifactKey: Guid(8c8ba908765f8584e9f2948b64581a1a) Importer(815301076,1909f56bfc062723c751e8b465ee728b)
Start importing Assets/FurnishedCabin/Meshes/Sphere.fbx using Guid(8c8ba908765f8584e9f2948b64581a1a) Importer(815301076,1909f56bfc062723c751e8b465ee728b)  -> (artifact id: '70f019a91497f4885aedcca0f2f06553') in 1.069344 seconds
  Import took 1.172806 seconds .

========================================================================
Received Import Request.
  Time since last request: 0.000436 seconds.
  path: Assets/FurnishedCabin/Meshes/Stove.fbx
  artifactKey: Guid(22ec64bba89e94704b5b0eeee5767c9c) Importer(815301076,1909f56bfc062723c751e8b465ee728b)
Start importing Assets/FurnishedCabin/Meshes/Stove.fbx using Guid(22ec64bba89e94704b5b0eeee5767c9c) Importer(815301076,1909f56bfc062723c751e8b465ee728b)  -> (artifact id: '9904e9e0c2725ffd6b0625f42177db9d') in 0.102283 seconds
  Import took 0.180221 seconds .

========================================================================
Received Import Request.
  Time since last request: 0.000371 seconds.
  path: Assets/FurnishedCabin/Meshes/TV.fbx
  artifactKey: Guid(fc85b0ed6feee4d46a876935af58e858) Importer(815301076,1909f56bfc062723c751e8b465ee728b)
Start importing Assets/FurnishedCabin/Meshes/TV.fbx using Guid(fc85b0ed6feee4d46a876935af58e858) Importer(815301076,1909f56bfc062723c751e8b465ee728b)  -> (artifact id: '20a62f4651608e7e52be3137ee02d02b') in 0.220696 seconds
  Import took 0.252497 seconds .

========================================================================
Received Import Request.
  Time since last request: 87.651153 seconds.
  path: Assets/Scenes
  artifactKey: Guid(f2eaa6c73c590f84daa155c5cca93461) Importer(815301076,1909f56bfc062723c751e8b465ee728b)
Start importing Assets/Scenes using Guid(f2eaa6c73c590f84daa155c5cca93461) Importer(815301076,1909f56bfc062723c751e8b465ee728b)  -> (artifact id: 'dba32fd49d91a58aa78c82f0aa4b30fe') in 0.006654 seconds
  Import took 0.036343 seconds .

========================================================================
Received Import Request.
  Time since last request: 0.109291 seconds.
  path: Assets/Scenes
  artifactKey: Guid(f2eaa6c73c590f84daa155c5cca93461) Importer(815301076,1909f56bfc062723c751e8b465ee728b)
Start importing Assets/Scenes using Guid(f2eaa6c73c590f84daa155c5cca93461) Importer(815301076,1909f56bfc062723c751e8b465ee728b)  -> (artifact id: 'dba32fd49d91a58aa78c82f0aa4b30fe') in 0.002673 seconds
  Import took 0.005661 seconds .

========================================================================
Received Import Request.
  Time since last request: 621.693493 seconds.
  path: Assets/Scenes360/VR360.unity
  artifactKey: Guid(844bd2edff46bd84dadd6c4613cf60ad) Importer(815301076,1909f56bfc062723c751e8b465ee728b)
Start importing Assets/Scenes360/VR360.unity using Guid(844bd2edff46bd84dadd6c4613cf60ad) Importer(815301076,1909f56bfc062723c751e8b465ee728b)  -> (artifact id: 'a1228bd40f385506db77ba2470a505a4') in 0.010124 seconds
  Import took 0.013337 seconds .

========================================================================
Received Import Request.
  Time since last request: 1368.378684 seconds.
  path: Assets
  artifactKey: Guid(00000000000000001000000000000000) Importer(815301076,1909f56bfc062723c751e8b465ee728b)
Start importing Assets using Guid(00000000000000001000000000000000) Importer(815301076,1909f56bfc062723c751e8b465ee728b)  -> (artifact id: '42d402b061de3733987d63b9cc3b64de') in 0.011803 seconds
  Import took 0.016119 seconds .

========================================================================
Received Import Request.
  Time since last request: 37.659530 seconds.
  path: Assets/VR360
  artifactKey: Guid(d67926b6d4873364a8e8a341c0ac55c0) Importer(815301076,1909f56bfc062723c751e8b465ee728b)
Start importing Assets/VR360 using Guid(d67926b6d4873364a8e8a341c0ac55c0) Importer(815301076,1909f56bfc062723c751e8b465ee728b)  -> (artifact id: '4db0a799455eeb4dce6e1298568ed4a2') in 0.010731 seconds
  Import took 0.014315 seconds .

========================================================================
Received Import Request.
  Time since last request: 6.413095 seconds.
  path: Assets/Materials360
  artifactKey: Guid(a3d37c5923b8e244dacc0822ccb56d11) Importer(815301076,1909f56bfc062723c751e8b465ee728b)
Start importing Assets/Materials360 using Guid(a3d37c5923b8e244dacc0822ccb56d11) Importer(815301076,1909f56bfc062723c751e8b465ee728b)  -> (artifact id: '2c3b5b49be4a9b188a66a5805a455279') in 0.009216 seconds
  Import took 0.012482 seconds .

========================================================================
Received Import Request.
  Time since last request: 20.462661 seconds.
  path: Assets/VR360/Fotos360
  artifactKey: Guid(93d720819b38b2b46ae53da34ca6df19) Importer(815301076,1909f56bfc062723c751e8b465ee728b)
Start importing Assets/VR360/Fotos360 using Guid(93d720819b38b2b46ae53da34ca6df19) Importer(815301076,1909f56bfc062723c751e8b465ee728b)  -> (artifact id: '0c4219c1a3471fcff124a4e8f471f777') in 0.008105 seconds
  Import took 0.011357 seconds .

========================================================================
Received Import Request.
  Time since last request: 3.019180 seconds.
  path: Assets/VR360/Scenes360
  artifactKey: Guid(c8684cb2f8a3cfe4abf48c326d58d84e) Importer(815301076,1909f56bfc062723c751e8b465ee728b)
Start importing Assets/VR360/Scenes360 using Guid(c8684cb2f8a3cfe4abf48c326d58d84e) Importer(815301076,1909f56bfc062723c751e8b465ee728b)  -> (artifact id: '51beb6fe9110fb3bae1049eee13d7d56') in 0.008668 seconds
  Import took 0.012474 seconds .

========================================================================
Received Import Request.
  Time since last request: 22.195591 seconds.
  path: Assets/VR360/Scripts
  artifactKey: Guid(d127ca66eb5a8454f969189f6f64efb8) Importer(815301076,1909f56bfc062723c751e8b465ee728b)
Start importing Assets/VR360/Scripts using Guid(d127ca66eb5a8454f969189f6f64efb8) Importer(815301076,1909f56bfc062723c751e8b465ee728b)  -> (artifact id: 'c5485050d30260600b56dc62cba886d0') in 0.011572 seconds
  Import took 0.014662 seconds .

========================================================================
Received Import Request.
  Time since last request: 10.523029 seconds.
  path: Assets/VR360/Scripts360
  artifactKey: Guid(d127ca66eb5a8454f969189f6f64efb8) Importer(815301076,1909f56bfc062723c751e8b465ee728b)
Start importing Assets/VR360/Scripts360 using Guid(d127ca66eb5a8454f969189f6f64efb8) Importer(815301076,1909f56bfc062723c751e8b465ee728b)  -> (artifact id: '93246650f59879f834653e50a47ba2ea') in 0.010408 seconds
  Import took 0.013327 seconds .

========================================================================
Received Import Request.
  Time since last request: 39.453429 seconds.
  path: Assets/VR360/Scripts360/VRCamara360.cs
  artifactKey: Guid(9b1d28b1b2eb33849b1d2e336689123f) Importer(815301076,1909f56bfc062723c751e8b465ee728b)
Start importing Assets/VR360/Scripts360/VRCamara360.cs using Guid(9b1d28b1b2eb33849b1d2e336689123f) Importer(815301076,1909f56bfc062723c751e8b465ee728b)  -> (artifact id: 'c993b85bf4a7fd72407dc4017ffc11aa') in 0.359119 seconds
  Import took 0.362139 seconds .

========================================================================
Received Prepare
Registering precompiled user dll's ...
Registered in 0.406173 seconds.
Begin MonoManager ReloadAssembly
Native extension for WindowsStandalone target not found
Native extension for WebGL target not found
Refreshing native plugins compatible for Editor in 0.54 ms, found 2 plugins.
Preloading 0 native plugins for Editor in 0.00 ms.
Mono: successfully reloaded assembly
- Completed reload, in  1.216 seconds
Platform modules already initialized, skipping
Refreshing native plugins compatible for Editor in 0.54 ms, found 2 plugins.
Preloading 0 native plugins for Editor in 0.00 ms.
Unloading 1403 Unused Serialized files (Serialized files now loaded: 0)
System memory in use before: 70.3 MB.
System memory in use after: 70.4 MB.

Unloading 14 unused Assets to reduce memory usage. Loaded Objects now: 1855.
Total: 2.317300 ms (FindLiveObjects: 0.183500 ms CreateObjectMapping: 0.046200 ms MarkObjects: 2.000300 ms  DeleteObjects: 0.086200 ms)

========================================================================
Received Import Request.
  Time since last request: 642.663148 seconds.
  path: Assets/Scenes/SampleScene.unity
  artifactKey: Guid(8f70f7b1e762d6e4887d48bda2ffc909) Importer(815301076,1909f56bfc062723c751e8b465ee728b)
Start importing Assets/Scenes/SampleScene.unity using Guid(8f70f7b1e762d6e4887d48bda2ffc909) Importer(815301076,1909f56bfc062723c751e8b465ee728b)  -> (artifact id: '961ba57b297e94a4eb5599632c284d08') in 0.017499 seconds
  Import took 0.021064 seconds .

========================================================================
Received Import Request.
  Time since last request: 58.506563 seconds.
  path: Assets/Scenes/lamas.unity
  artifactKey: Guid(77327a78dc1a7a64fa98125ba73d1ecc) Importer(815301076,1909f56bfc062723c751e8b465ee728b)
Start importing Assets/Scenes/lamas.unity using Guid(77327a78dc1a7a64fa98125ba73d1ecc) Importer(815301076,1909f56bfc062723c751e8b465ee728b)  -> (artifact id: 'b35018d1ff2b50e1fbc4e8537014cfe2') in 0.010911 seconds
  Import took 0.014556 seconds .

========================================================================
Received Prepare
Registering precompiled user dll's ...
Registered in 0.004485 seconds.
Begin MonoManager ReloadAssembly
Native extension for WindowsStandalone target not found
Native extension for WebGL target not found
Refreshing native plugins compatible for Editor in 0.47 ms, found 2 plugins.
Preloading 0 native plugins for Editor in 0.00 ms.
Mono: successfully reloaded assembly
- Completed reload, in  0.976 seconds
Platform modules already initialized, skipping
Refreshing native plugins compatible for Editor in 0.45 ms, found 2 plugins.
Preloading 0 native plugins for Editor in 0.00 ms.
Unloading 1403 Unused Serialized files (Serialized files now loaded: 0)
System memory in use before: 70.3 MB.
System memory in use after: 70.4 MB.

Unloading 14 unused Assets to reduce memory usage. Loaded Objects now: 1858.
Total: 2.080800 ms (FindLiveObjects: 0.161800 ms CreateObjectMapping: 0.058300 ms MarkObjects: 1.808600 ms  DeleteObjects: 0.051000 ms)

========================================================================
Received Prepare
Registering precompiled user dll's ...
Registered in 0.576330 seconds.
Begin MonoManager ReloadAssembly
Native extension for WindowsStandalone target not found
Native extension for WebGL target not found
Refreshing native plugins compatible for Editor in 0.40 ms, found 2 plugins.
Preloading 0 native plugins for Editor in 0.00 ms.
Mono: successfully reloaded assembly
- Completed reload, in 21.353 seconds
Platform modules already initialized, skipping
Refreshing native plugins compatible for Editor in 0.45 ms, found 2 plugins.
Preloading 0 native plugins for Editor in 0.00 ms.
Unloading 1403 Unused Serialized files (Serialized files now loaded: 0)
System memory in use before: 70.4 MB.
System memory in use after: 70.4 MB.

Unloading 14 unused Assets to reduce memory usage. Loaded Objects now: 1861.
Total: 2.624900 ms (FindLiveObjects: 0.177900 ms CreateObjectMapping: 0.042400 ms MarkObjects: 2.316300 ms  DeleteObjects: 0.087300 ms)

========================================================================
Received Prepare
Registering precompiled user dll's ...
Registered in 0.414685 seconds.
Begin MonoManager ReloadAssembly
Native extension for WindowsStandalone target not found
Native extension for WebGL target not found
Refreshing native plugins compatible for Editor in 0.45 ms, found 2 plugins.
Preloading 0 native plugins for Editor in 0.00 ms.
Mono: successfully reloaded assembly
- Completed reload, in  1.014 seconds
Platform modules already initialized, skipping
Refreshing native plugins compatible for Editor in 0.43 ms, found 2 plugins.
Preloading 0 native plugins for Editor in 0.00 ms.
Unloading 1403 Unused Serialized files (Serialized files now loaded: 0)
System memory in use before: 70.4 MB.
System memory in use after: 70.5 MB.

Unloading 14 unused Assets to reduce memory usage. Loaded Objects now: 1864.
Total: 2.182600 ms (FindLiveObjects: 0.153600 ms CreateObjectMapping: 0.049200 ms MarkObjects: 1.925400 ms  DeleteObjects: 0.053400 ms)

========================================================================
Received Prepare
Registering precompiled user dll's ...
Registered in 0.004115 seconds.
Begin MonoManager ReloadAssembly
Native extension for WindowsStandalone target not found
Native extension for WebGL target not found
Refreshing native plugins compatible for Editor in 0.42 ms, found 2 plugins.
Preloading 0 native plugins for Editor in 0.00 ms.
Mono: successfully reloaded assembly
- Completed reload, in  1.029 seconds
Platform modules already initialized, skipping
Refreshing native plugins compatible for Editor in 0.44 ms, found 2 plugins.
Preloading 0 native plugins for Editor in 0.00 ms.
Unloading 1403 Unused Serialized files (Serialized files now loaded: 0)
System memory in use before: 70.4 MB.
System memory in use after: 70.5 MB.

Unloading 14 unused Assets to reduce memory usage. Loaded Objects now: 1867.
Total: 2.408900 ms (FindLiveObjects: 0.174500 ms CreateObjectMapping: 0.049600 ms MarkObjects: 2.038700 ms  DeleteObjects: 0.145100 ms)

========================================================================
Received Prepare
Registering precompiled user dll's ...
Registered in 0.004625 seconds.
Begin MonoManager ReloadAssembly
Native extension for WindowsStandalone target not found
Native extension for WebGL target not found
Refreshing native plugins compatible for Editor in 0.43 ms, found 2 plugins.
Preloading 0 native plugins for Editor in 0.00 ms.
Mono: successfully reloaded assembly
- Completed reload, in  1.051 seconds
Platform modules already initialized, skipping
Refreshing native plugins compatible for Editor in 0.48 ms, found 2 plugins.
Preloading 0 native plugins for Editor in 0.00 ms.
Unloading 1403 Unused Serialized files (Serialized files now loaded: 0)
System memory in use before: 70.4 MB.
System memory in use after: 70.5 MB.

Unloading 14 unused Assets to reduce memory usage. Loaded Objects now: 1870.
Total: 2.294200 ms (FindLiveObjects: 0.138800 ms CreateObjectMapping: 0.043000 ms MarkObjects: 2.057700 ms  DeleteObjects: 0.048600 ms)

========================================================================
Received Prepare
Registering precompiled user dll's ...
Registered in 0.003970 seconds.
Begin MonoManager ReloadAssembly
Native extension for WindowsStandalone target not found
Native extension for WebGL target not found
Refreshing native plugins compatible for Editor in 0.47 ms, found 2 plugins.
Preloading 0 native plugins for Editor in 0.00 ms.
Mono: successfully reloaded assembly
- Completed reload, in  1.074 seconds
Platform modules already initialized, skipping
Refreshing native plugins compatible for Editor in 0.40 ms, found 2 plugins.
Preloading 0 native plugins for Editor in 0.00 ms.
Unloading 1403 Unused Serialized files (Serialized files now loaded: 0)
System memory in use before: 70.4 MB.
System memory in use after: 70.5 MB.

Unloading 14 unused Assets to reduce memory usage. Loaded Objects now: 1873.
Total: 2.267500 ms (FindLiveObjects: 0.152000 ms CreateObjectMapping: 0.055400 ms MarkObjects: 1.994900 ms  DeleteObjects: 0.064100 ms)

========================================================================
Received Prepare
Registering precompiled user dll's ...
Registered in 0.004124 seconds.
Begin MonoManager ReloadAssembly
Native extension for WindowsStandalone target not found
Native extension for WebGL target not found
Refreshing native plugins compatible for Editor in 0.54 ms, found 2 plugins.
Preloading 0 native plugins for Editor in 0.00 ms.
Mono: successfully reloaded assembly
- Completed reload, in  1.003 seconds
Platform modules already initialized, skipping
Refreshing native plugins compatible for Editor in 0.45 ms, found 2 plugins.
Preloading 0 native plugins for Editor in 0.00 ms.
Unloading 1403 Unused Serialized files (Serialized files now loaded: 0)
System memory in use before: 70.4 MB.
System memory in use after: 70.5 MB.

Unloading 14 unused Assets to reduce memory usage. Loaded Objects now: 1876.
Total: 2.170300 ms (FindLiveObjects: 0.140100 ms CreateObjectMapping: 0.041600 ms MarkObjects: 1.932000 ms  DeleteObjects: 0.055600 ms)

========================================================================
Received Prepare
Registering precompiled user dll's ...
Registered in 0.003960 seconds.
Begin MonoManager ReloadAssembly
Native extension for WindowsStandalone target not found
Native extension for WebGL target not found
Refreshing native plugins compatible for Editor in 0.48 ms, found 2 plugins.
Preloading 0 native plugins for Editor in 0.00 ms.
Mono: successfully reloaded assembly
- Completed reload, in  1.090 seconds
Platform modules already initialized, skipping
Refreshing native plugins compatible for Editor in 0.40 ms, found 2 plugins.
Preloading 0 native plugins for Editor in 0.00 ms.
Unloading 1403 Unused Serialized files (Serialized files now loaded: 0)
System memory in use before: 70.4 MB.
System memory in use after: 70.5 MB.

Unloading 14 unused Assets to reduce memory usage. Loaded Objects now: 1879.
Total: 2.411600 ms (FindLiveObjects: 0.169500 ms CreateObjectMapping: 0.055200 ms MarkObjects: 2.130100 ms  DeleteObjects: 0.055800 ms)

========================================================================
Received Prepare
Registering precompiled user dll's ...
Registered in 0.004275 seconds.
Begin MonoManager ReloadAssembly
Native extension for WindowsStandalone target not found
Native extension for WebGL target not found
Refreshing native plugins compatible for Editor in 0.45 ms, found 2 plugins.
Preloading 0 native plugins for Editor in 0.00 ms.
Mono: successfully reloaded assembly
- Completed reload, in  0.964 seconds
Platform modules already initialized, skipping
Refreshing native plugins compatible for Editor in 0.47 ms, found 2 plugins.
Preloading 0 native plugins for Editor in 0.00 ms.
Unloading 1403 Unused Serialized files (Serialized files now loaded: 0)
System memory in use before: 70.4 MB.
System memory in use after: 70.5 MB.

Unloading 14 unused Assets to reduce memory usage. Loaded Objects now: 1882.
Total: 2.155000 ms (FindLiveObjects: 0.155400 ms CreateObjectMapping: 0.054200 ms MarkObjects: 1.888300 ms  DeleteObjects: 0.056200 ms)

AssetImportWorkerClient::OnTransportError - code=2 error=End of file
