Using pre-set license
Built from '2020.3/staging' branch; Version is '2020.3.10f1 (297d780c91bc) revision 2719096'; Using compiler version '192528614'; Build Type 'Release'
OS: 'Windows 10 Pro; OS build 19044.1766; Version 2009; 64bit' Language: 'en' Physical Memory: 16227 MB
BatchMode: 1, IsHumanControllingUs: 0, StartBugReporterOnCrash: 0, Is64bit: 1, IsPro: 0

 COMMAND LINE ARGUMENTS:
C:\Program Files\Unity\Hub\Editor\2020.3.10f1\Editor\Unity.exe
-adb2
-batchMode
-noUpm
-name
AssetImportWorker2
-projectPath
C:/Users/Admin/Desktop/Estadia2022/Franmayo/Constructora Franmayo
-logFile
Logs/AssetImportWorker2.log
-srvPort
61435
Successfully changed project path to: C:/Users/Admin/Desktop/Estadia2022/Franmayo/Constructora Franmayo
C:/Users/Admin/Desktop/Estadia2022/Franmayo/Constructora Franmayo
Using Asset Import Pipeline V2.
Refreshing native plugins compatible for Editor in 180.64 ms, found 2 plugins.
Preloading 0 native plugins for Editor in 0.00 ms.
Initialize engine version: 2020.3.10f1 (297d780c91bc)
[Subsystems] Discovering subsystems at path C:/Program Files/Unity/Hub/Editor/2020.3.10f1/Editor/Data/Resources/UnitySubsystems
[Subsystems] Discovering subsystems at path C:/Users/Admin/Desktop/Estadia2022/Franmayo/Constructora Franmayo/Assets
GfxDevice: creating device client; threaded=0
Direct3D:
    Version:  Direct3D 11.0 [level 11.1]
    Renderer: Intel(R) UHD Graphics 620 (ID=0x5917)
    Vendor:   
    VRAM:     8113 MB
    Driver:   30.0.101.1340
Initialize mono
Mono path[0] = 'C:/Program Files/Unity/Hub/Editor/2020.3.10f1/Editor/Data/Managed'
Mono path[1] = 'C:/Program Files/Unity/Hub/Editor/2020.3.10f1/Editor/Data/MonoBleedingEdge/lib/mono/unityjit'
Mono config path = 'C:/Program Files/Unity/Hub/Editor/2020.3.10f1/Editor/Data/MonoBleedingEdge/etc'
Using monoOptions --debugger-agent=transport=dt_socket,embedding=1,server=y,suspend=n,address=127.0.0.1:56908
Begin MonoManager ReloadAssembly
Registering precompiled unity dll's ...
Register platform support module: C:/Program Files/Unity/Hub/Editor/2020.3.10f1/Editor/Data/PlaybackEngines/WindowsStandaloneSupport/UnityEditor.WindowsStandalone.Extensions.dll
Registered in 0.008662 seconds.
Native extension for WindowsStandalone target not found
Refreshing native plugins compatible for Editor in 166.73 ms, found 2 plugins.
Preloading 0 native plugins for Editor in 0.00 ms.
Mono: successfully reloaded assembly
- Completed reload, in  3.533 seconds
Platform modules already initialized, skipping
Registering precompiled user dll's ...
Registered in 0.013733 seconds.
Begin MonoManager ReloadAssembly
Native extension for WindowsStandalone target not found
Refreshing native plugins compatible for Editor in 156.30 ms, found 2 plugins.
Preloading 0 native plugins for Editor in 0.00 ms.
Mono: successfully reloaded assembly
- Completed reload, in  6.865 seconds
Platform modules already initialized, skipping
========================================================================
Worker process is ready to serve import requests
Launched and connected shader compiler UnityShaderCompiler.exe after 0.33 seconds
Refreshing native plugins compatible for Editor in 1.18 ms, found 2 plugins.
Preloading 0 native plugins for Editor in 0.00 ms.
Unloading 1864 Unused Serialized files (Serialized files now loaded: 0)
System memory in use before: 83.6 MB.
System memory in use after: 83.7 MB.

Unloading 23 unused Assets to reduce memory usage. Loaded Objects now: 2299.
Total: 13.617500 ms (FindLiveObjects: 0.461600 ms CreateObjectMapping: 0.334600 ms MarkObjects: 12.417200 ms  DeleteObjects: 0.400900 ms)

========================================================================
Received Import Request.
  path: Assets/Images/esquinaNaranja.png
  artifactKey: Guid(db37b371c6558694aa45a51d01962137) Importer(815301076,1909f56bfc062723c751e8b465ee728b)
Start importing Assets/Images/esquinaNaranja.png using Guid(db37b371c6558694aa45a51d01962137) Importer(815301076,1909f56bfc062723c751e8b465ee728b)  -> (artifact id: '6a864997aa51ccd55b192ee8a095f622') in 0.348990 seconds
  Import took 0.370034 seconds .

========================================================================
Received Import Request.
  Time since last request: 0.000943 seconds.
  path: Assets/Images/esquinaVerde.png
  artifactKey: Guid(5c278529f9e463345abf919c3bbfc91a) Importer(815301076,1909f56bfc062723c751e8b465ee728b)
Start importing Assets/Images/esquinaVerde.png using Guid(5c278529f9e463345abf919c3bbfc91a) Importer(815301076,1909f56bfc062723c751e8b465ee728b)  -> (artifact id: 'f021413f0d2d1c5d635a3292e088a97a') in 0.040589 seconds
  Import took 0.049231 seconds .

========================================================================
Received Import Request.
  Time since last request: 0.000403 seconds.
  path: Assets/Images/foco1.png
  artifactKey: Guid(fcb4eb94c1d49d942a2590d82e5cae29) Importer(815301076,1909f56bfc062723c751e8b465ee728b)
Start importing Assets/Images/foco1.png using Guid(fcb4eb94c1d49d942a2590d82e5cae29) Importer(815301076,1909f56bfc062723c751e8b465ee728b)  -> (artifact id: '54a501e60c13f6d6a4b9c235ecc4b3f8') in 0.164758 seconds
  Import took 0.171767 seconds .

========================================================================
Received Import Request.
  Time since last request: 4.108771 seconds.
  path: Assets/Images/esquinaVerde.png
  artifactKey: Guid(5c278529f9e463345abf919c3bbfc91a) Importer(815301076,1909f56bfc062723c751e8b465ee728b)
Start importing Assets/Images/esquinaVerde.png using Guid(5c278529f9e463345abf919c3bbfc91a) Importer(815301076,1909f56bfc062723c751e8b465ee728b)  -> (artifact id: 'e2f78a6bd14aa59c348aba915a711b03') in 0.030998 seconds
  Import took 0.039313 seconds .

========================================================================
Received Import Request.
  Time since last request: 4.510205 seconds.
  path: Assets/Images/esquinaNaranja.png
  artifactKey: Guid(db37b371c6558694aa45a51d01962137) Importer(815301076,1909f56bfc062723c751e8b465ee728b)
Start importing Assets/Images/esquinaNaranja.png using Guid(db37b371c6558694aa45a51d01962137) Importer(815301076,1909f56bfc062723c751e8b465ee728b)  -> (artifact id: '3ef548e9c00784009d02c07a16f9d7e2') in 0.030726 seconds
  Import took 0.039093 seconds .

========================================================================
Received Import Request.
  Time since last request: 583.963765 seconds.
  path: Assets/Fonts
  artifactKey: Guid(37c8ffd14fb7f184b8ce005c6d40174a) Importer(815301076,1909f56bfc062723c751e8b465ee728b)
Start importing Assets/Fonts using Guid(37c8ffd14fb7f184b8ce005c6d40174a) Importer(815301076,1909f56bfc062723c751e8b465ee728b)  -> (artifact id: '723ee4867549fe5d0cc2b1229127f1bb') in 0.023568 seconds
  Import took 0.041812 seconds .

========================================================================
Received Import Request.
  Time since last request: 0.013554 seconds.
  path: Assets/Fonts
  artifactKey: Guid(37c8ffd14fb7f184b8ce005c6d40174a) Importer(815301076,1909f56bfc062723c751e8b465ee728b)
Start importing Assets/Fonts using Guid(37c8ffd14fb7f184b8ce005c6d40174a) Importer(815301076,1909f56bfc062723c751e8b465ee728b)  -> (artifact id: '723ee4867549fe5d0cc2b1229127f1bb') in 0.007810 seconds
  Import took 0.018250 seconds .

========================================================================
Received Import Request.
  Time since last request: 5.945122 seconds.
  path: Assets/Fonts/ButterflyWorld.otf
  artifactKey: Guid(4ac89766d059422408ef6ffef10f9cf0) Importer(815301076,1909f56bfc062723c751e8b465ee728b)
Start importing Assets/Fonts/ButterflyWorld.otf using Guid(4ac89766d059422408ef6ffef10f9cf0) Importer(815301076,1909f56bfc062723c751e8b465ee728b)  -> (artifact id: '91f3a5cb8ffd499af63379e7049f42bc') in 0.376023 seconds
  Import took 0.390791 seconds .

========================================================================
Received Import Request.
  Time since last request: 33.856572 seconds.
  path: Assets/Fonts/ButterflyWorld SDF.asset
  artifactKey: Guid(d18b8e73ec3c21748a79310a41b345e0) Importer(815301076,1909f56bfc062723c751e8b465ee728b)
Start importing Assets/Fonts/ButterflyWorld SDF.asset using Guid(d18b8e73ec3c21748a79310a41b345e0) Importer(815301076,1909f56bfc062723c751e8b465ee728b) Shader 'TextMeshPro/Distance Field': fallback shader 'TextMeshPro/Mobile/Distance Field' not found
 -> (artifact id: '6c9a13a2389af950a9a9922c7a30d074') in 0.199527 seconds
  Import took 0.208399 seconds .

========================================================================
Received Import Request.
  Time since last request: 13.220465 seconds.
  path: Assets/TextMesh Pro/Fonts/LiberationSans.ttf
  artifactKey: Guid(e3265ab4bf004d28a9537516768c1c75) Importer(815301076,1909f56bfc062723c751e8b465ee728b)
Start importing Assets/TextMesh Pro/Fonts/LiberationSans.ttf using Guid(e3265ab4bf004d28a9537516768c1c75) Importer(815301076,1909f56bfc062723c751e8b465ee728b)  -> (artifact id: 'bdddd331c3f1b7826858a8d92db67e39') in 0.037266 seconds
  Import took 0.045678 seconds .

========================================================================
Received Prepare
Registering precompiled user dll's ...
Registered in 0.012717 seconds.
Begin MonoManager ReloadAssembly
Native extension for WindowsStandalone target not found
Refreshing native plugins compatible for Editor in 1.33 ms, found 2 plugins.
Preloading 0 native plugins for Editor in 0.00 ms.
Mono: successfully reloaded assembly
- Completed reload, in  3.467 seconds
Platform modules already initialized, skipping
Refreshing native plugins compatible for Editor in 1.37 ms, found 2 plugins.
Preloading 0 native plugins for Editor in 0.00 ms.
Unloading 1869 Unused Serialized files (Serialized files now loaded: 0)
System memory in use before: 89.0 MB.
System memory in use after: 88.5 MB.

Unloading 27 unused Assets to reduce memory usage. Loaded Objects now: 2352.
Total: 6.514200 ms (FindLiveObjects: 0.476400 ms CreateObjectMapping: 0.203500 ms MarkObjects: 5.172400 ms  DeleteObjects: 0.659500 ms)

AssetImportWorkerClient::OnTransportError - code=2 error=End of file
