Using pre-set license
Built from '2020.3/staging' branch; Version is '2020.3.10f1 (297d780c91bc) revision 2719096'; Using compiler version '192528614'; Build Type 'Release'
OS: 'Windows 10 Pro; OS build 19044.1766; Version 2009; 64bit' Language: 'en' Physical Memory: 16227 MB
BatchMode: 1, IsHumanControllingUs: 0, StartBugReporterOnCrash: 0, Is64bit: 1, IsPro: 0

 COMMAND LINE ARGUMENTS:
C:\Program Files\Unity\Hub\Editor\2020.3.10f1\Editor\Unity.exe
-adb2
-batchMode
-noUpm
-name
AssetImportWorker0
-projectPath
C:/Users/Admin/Desktop/Estadia2022/Franmayo/Constructora Franmayo
-logFile
Logs/AssetImportWorker0.log
-srvPort
61837
Successfully changed project path to: C:/Users/Admin/Desktop/Estadia2022/Franmayo/Constructora Franmayo
C:/Users/Admin/Desktop/Estadia2022/Franmayo/Constructora Franmayo
Using Asset Import Pipeline V2.
Refreshing native plugins compatible for Editor in 120.59 ms, found 2 plugins.
Preloading 0 native plugins for Editor in 0.00 ms.
Initialize engine version: 2020.3.10f1 (297d780c91bc)
[Subsystems] Discovering subsystems at path C:/Program Files/Unity/Hub/Editor/2020.3.10f1/Editor/Data/Resources/UnitySubsystems
[Subsystems] Discovering subsystems at path C:/Users/Admin/Desktop/Estadia2022/Franmayo/Constructora Franmayo/Assets
GfxDevice: creating device client; threaded=0
Direct3D:
    Version:  Direct3D 11.0 [level 11.1]
    Renderer: Intel(R) UHD Graphics 620 (ID=0x5917)
    Vendor:   
    VRAM:     8113 MB
    Driver:   30.0.101.1340
Initialize mono
Mono path[0] = 'C:/Program Files/Unity/Hub/Editor/2020.3.10f1/Editor/Data/Managed'
Mono path[1] = 'C:/Program Files/Unity/Hub/Editor/2020.3.10f1/Editor/Data/MonoBleedingEdge/lib/mono/unityjit'
Mono config path = 'C:/Program Files/Unity/Hub/Editor/2020.3.10f1/Editor/Data/MonoBleedingEdge/etc'
Using monoOptions --debugger-agent=transport=dt_socket,embedding=1,server=y,suspend=n,address=127.0.0.1:56860
Begin MonoManager ReloadAssembly
Registering precompiled unity dll's ...
Register platform support module: C:/Program Files/Unity/Hub/Editor/2020.3.10f1/Editor/Data/PlaybackEngines/WindowsStandaloneSupport/UnityEditor.WindowsStandalone.Extensions.dll
Registered in 0.002287 seconds.
Native extension for WindowsStandalone target not found
Refreshing native plugins compatible for Editor in 46.64 ms, found 2 plugins.
Preloading 0 native plugins for Editor in 0.00 ms.
Mono: successfully reloaded assembly
- Completed reload, in  1.261 seconds
Platform modules already initialized, skipping
Registering precompiled user dll's ...
Registered in 0.136453 seconds.
Begin MonoManager ReloadAssembly
Native extension for WindowsStandalone target not found
Refreshing native plugins compatible for Editor in 44.53 ms, found 2 plugins.
Preloading 0 native plugins for Editor in 0.00 ms.
Mono: successfully reloaded assembly
- Completed reload, in  1.261 seconds
Platform modules already initialized, skipping
========================================================================
Worker process is ready to serve import requests
Launched and connected shader compiler UnityShaderCompiler.exe after 0.06 seconds
Refreshing native plugins compatible for Editor in 0.52 ms, found 2 plugins.
Preloading 0 native plugins for Editor in 0.00 ms.
Unloading 1864 Unused Serialized files (Serialized files now loaded: 0)
System memory in use before: 83.6 MB.
System memory in use after: 83.7 MB.

Unloading 23 unused Assets to reduce memory usage. Loaded Objects now: 2299.
Total: 3.161800 ms (FindLiveObjects: 0.291900 ms CreateObjectMapping: 0.093800 ms MarkObjects: 2.677000 ms  DeleteObjects: 0.097900 ms)

========================================================================
Received Import Request.
  path: Assets/Materials/MuroInterior 1.mat
  artifactKey: Guid(1e3523ca41f4619458618e0087b7d195) Importer(815301076,1909f56bfc062723c751e8b465ee728b)
Start importing Assets/Materials/MuroInterior 1.mat using Guid(1e3523ca41f4619458618e0087b7d195) Importer(815301076,1909f56bfc062723c751e8b465ee728b)  -> (artifact id: '69e40b8746c32cf7be7f63517fbdd175') in 2.881033 seconds
  Import took 2.885662 seconds .

========================================================================
Received Import Request.
  Time since last request: 0.000277 seconds.
  path: Assets/Materials/Escaleras.mat
  artifactKey: Guid(d990d29935eea7843a1d8edcedbf0d42) Importer(815301076,1909f56bfc062723c751e8b465ee728b)
Start importing Assets/Materials/Escaleras.mat using Guid(d990d29935eea7843a1d8edcedbf0d42) Importer(815301076,1909f56bfc062723c751e8b465ee728b)  -> (artifact id: '535fd384731907fa7b2fab960a26fc98') in 0.107320 seconds
  Import took 0.112022 seconds .

========================================================================
Received Import Request.
  Time since last request: 0.000230 seconds.
  path: Assets/Materials/techo.mat
  artifactKey: Guid(0b2ed037f09333a43a7232b32f89b08e) Importer(815301076,1909f56bfc062723c751e8b465ee728b)
Start importing Assets/Materials/techo.mat using Guid(0b2ed037f09333a43a7232b32f89b08e) Importer(815301076,1909f56bfc062723c751e8b465ee728b)  -> (artifact id: '1903c3f460bd63ea807757e08e6281c6') in 0.030779 seconds
  Import took 0.036150 seconds .

========================================================================
Received Import Request.
  Time since last request: 0.000252 seconds.
  path: Assets/Materials/Maps/paredes.jpg
  artifactKey: Guid(7a7b6e31c238ee744861531a60f9afbe) Importer(815301076,1909f56bfc062723c751e8b465ee728b)
Start importing Assets/Materials/Maps/paredes.jpg using Guid(7a7b6e31c238ee744861531a60f9afbe) Importer(815301076,1909f56bfc062723c751e8b465ee728b)  -> (artifact id: '69f05bee79b8040a8ef6a721eb4dc016') in 0.116139 seconds
  Import took 0.121328 seconds .

========================================================================
Received Import Request.
  Time since last request: 0.000301 seconds.
  path: Assets/Materials/Maps/escaleras2.jpg
  artifactKey: Guid(a64aabadc6abc1a45a9b9217352bc91d) Importer(815301076,1909f56bfc062723c751e8b465ee728b)
Start importing Assets/Materials/Maps/escaleras2.jpg using Guid(a64aabadc6abc1a45a9b9217352bc91d) Importer(815301076,1909f56bfc062723c751e8b465ee728b)  -> (artifact id: '30a28d13851ba68853838a8d023d504f') in 0.018480 seconds
  Import took 0.023332 seconds .

========================================================================
Received Import Request.
  Time since last request: 0.000231 seconds.
  path: Assets/Materials/azulejo.mat
  artifactKey: Guid(ff07869b27eaded44a7acd196342bb6f) Importer(815301076,1909f56bfc062723c751e8b465ee728b)
Start importing Assets/Materials/azulejo.mat using Guid(ff07869b27eaded44a7acd196342bb6f) Importer(815301076,1909f56bfc062723c751e8b465ee728b)  -> (artifact id: 'c563158b52c0aea0c8f7b8d79dd78999') in 0.087450 seconds
  Import took 0.093101 seconds .

========================================================================
Received Import Request.
  Time since last request: 0.000253 seconds.
  path: Assets/Materials/Floor.mat
  artifactKey: Guid(8bc66c32bcc20154f91d0f3fc8d2d55c) Importer(815301076,1909f56bfc062723c751e8b465ee728b)
Start importing Assets/Materials/Floor.mat using Guid(8bc66c32bcc20154f91d0f3fc8d2d55c) Importer(815301076,1909f56bfc062723c751e8b465ee728b)  -> (artifact id: '8ba84fe7871304d37bd356eeaa063cc0') in 0.042752 seconds
  Import took 0.047842 seconds .

========================================================================
Received Import Request.
  Time since last request: 0.000237 seconds.
  path: Assets/Materials/Maps/pared1.jpg
  artifactKey: Guid(5255f1db6911e9b46af09c970180e5db) Importer(815301076,1909f56bfc062723c751e8b465ee728b)
Start importing Assets/Materials/Maps/pared1.jpg using Guid(5255f1db6911e9b46af09c970180e5db) Importer(815301076,1909f56bfc062723c751e8b465ee728b)  -> (artifact id: '9c4696ef30c2bc6a728e5d92c32df632') in 0.112359 seconds
  Import took 0.119937 seconds .

========================================================================
Received Import Request.
  Time since last request: 0.000747 seconds.
  path: Assets/Materials/Maps/paredes1.jpg
  artifactKey: Guid(c40be0ba4b416c04785e4eb549e0be43) Importer(815301076,1909f56bfc062723c751e8b465ee728b)
Start importing Assets/Materials/Maps/paredes1.jpg using Guid(c40be0ba4b416c04785e4eb549e0be43) Importer(815301076,1909f56bfc062723c751e8b465ee728b)  -> (artifact id: '595b4ef96a1c4c8f04081162eb7eadb6') in 0.030279 seconds
  Import took 0.038839 seconds .

========================================================================
Received Import Request.
  Time since last request: 0.000285 seconds.
  path: Assets/Materials/Maps/piso1.jpg
  artifactKey: Guid(2c21376eec2834a4e8db490fd94323a4) Importer(815301076,1909f56bfc062723c751e8b465ee728b)
Start importing Assets/Materials/Maps/piso1.jpg using Guid(2c21376eec2834a4e8db490fd94323a4) Importer(815301076,1909f56bfc062723c751e8b465ee728b)  -> (artifact id: '56aba645fc28a1316350afd7801b80f0') in 0.039051 seconds
  Import took 0.044768 seconds .

========================================================================
Received Import Request.
  Time since last request: 0.000255 seconds.
  path: Assets/Materials/MuroInterior.mat
  artifactKey: Guid(ccc40492c662df34d96d9dae12b027c3) Importer(815301076,1909f56bfc062723c751e8b465ee728b)
Start importing Assets/Materials/MuroInterior.mat using Guid(ccc40492c662df34d96d9dae12b027c3) Importer(815301076,1909f56bfc062723c751e8b465ee728b)  -> (artifact id: 'b6bd80cd65a6fb7ec6d387deee3cff1c') in 0.031885 seconds
  Import took 0.036776 seconds .

========================================================================
Received Import Request.
  Time since last request: 0.000252 seconds.
  path: Assets/Materials/azulejococina.mat
  artifactKey: Guid(70120c9236a9d0443be4d7b53a297006) Importer(815301076,1909f56bfc062723c751e8b465ee728b)
Start importing Assets/Materials/azulejococina.mat using Guid(70120c9236a9d0443be4d7b53a297006) Importer(815301076,1909f56bfc062723c751e8b465ee728b)  -> (artifact id: 'fa8c310f88411587e919c0d5afedbdc0') in 0.024522 seconds
  Import took 0.028671 seconds .

========================================================================
Received Import Request.
  Time since last request: 0.000204 seconds.
  path: Assets/Materials/Maps/techos.jpg
  artifactKey: Guid(b205207120027f34ab72942b35193831) Importer(815301076,1909f56bfc062723c751e8b465ee728b)
Start importing Assets/Materials/Maps/techos.jpg using Guid(b205207120027f34ab72942b35193831) Importer(815301076,1909f56bfc062723c751e8b465ee728b)  -> (artifact id: '77e85ec118bbd4131a2d6b5611e9ce47') in 0.015949 seconds
  Import took 0.019879 seconds .

========================================================================
Received Import Request.
  Time since last request: 0.000246 seconds.
  path: Assets/Materials/Maps/muroExterior1.jpg
  artifactKey: Guid(5272dd241490e4b4e82f995400c14c27) Importer(815301076,1909f56bfc062723c751e8b465ee728b)
Start importing Assets/Materials/Maps/muroExterior1.jpg using Guid(5272dd241490e4b4e82f995400c14c27) Importer(815301076,1909f56bfc062723c751e8b465ee728b)  -> (artifact id: '31f1a0b579b19e0f553e33ff8ad49ba0') in 0.022632 seconds
  Import took 0.026359 seconds .

========================================================================
Received Import Request.
  Time since last request: 0.000220 seconds.
  path: Assets/Materials/MuroExter.mat
  artifactKey: Guid(25f291511f16e7545a0aaec7a11bfc29) Importer(815301076,1909f56bfc062723c751e8b465ee728b)
Start importing Assets/Materials/MuroExter.mat using Guid(25f291511f16e7545a0aaec7a11bfc29) Importer(815301076,1909f56bfc062723c751e8b465ee728b)  -> (artifact id: '8218600eded3c532a79e5acc71a87879') in 0.198045 seconds
  Import took 0.202779 seconds .

========================================================================
Received Import Request.
  Time since last request: 0.000291 seconds.
  path: Assets/Materials/Maps/pared.jpg
  artifactKey: Guid(ee91da78ad26958489acc6e88cc29238) Importer(815301076,1909f56bfc062723c751e8b465ee728b)
Start importing Assets/Materials/Maps/pared.jpg using Guid(ee91da78ad26958489acc6e88cc29238) Importer(815301076,1909f56bfc062723c751e8b465ee728b)  -> (artifact id: 'e9f4579e6e13065f9a5588eaf9239904') in 0.074930 seconds
  Import took 0.078531 seconds .

========================================================================
Received Import Request.
  Time since last request: 0.000218 seconds.
  path: Assets/Materials/Maps/azulejococina.jpg
  artifactKey: Guid(65c269ba0ee4f8149b2bf8cd416e178a) Importer(815301076,1909f56bfc062723c751e8b465ee728b)
Start importing Assets/Materials/Maps/azulejococina.jpg using Guid(65c269ba0ee4f8149b2bf8cd416e178a) Importer(815301076,1909f56bfc062723c751e8b465ee728b)  -> (artifact id: '47da5797ae5e495ac5835a6ecd829209') in 0.016383 seconds
  Import took 0.022932 seconds .

========================================================================
Received Import Request.
  Time since last request: 0.000255 seconds.
  path: Assets/Materials/Maps/escalerasM.jpg
  artifactKey: Guid(6234ce1fefa528244bfc6e15f00ee775) Importer(815301076,1909f56bfc062723c751e8b465ee728b)
Start importing Assets/Materials/Maps/escalerasM.jpg using Guid(6234ce1fefa528244bfc6e15f00ee775) Importer(815301076,1909f56bfc062723c751e8b465ee728b)  -> (artifact id: 'c3d04ec946d62dc443e3e158c7cbc75c') in 0.128986 seconds
  Import took 0.136103 seconds .

========================================================================
Received Import Request.
  Time since last request: 0.000527 seconds.
  path: Assets/Materials/Maps/azulejococina1.jpg
  artifactKey: Guid(1d05af4d4b6a3b54cbb9a4f75e43b288) Importer(815301076,1909f56bfc062723c751e8b465ee728b)
Start importing Assets/Materials/Maps/azulejococina1.jpg using Guid(1d05af4d4b6a3b54cbb9a4f75e43b288) Importer(815301076,1909f56bfc062723c751e8b465ee728b)  -> (artifact id: 'ef261e0b65ea4f5418860052b8b4481a') in 0.027557 seconds
  Import took 0.033791 seconds .

========================================================================
Received Import Request.
  Time since last request: 0.000321 seconds.
  path: Assets/Materials/Maps/piso.jpg
  artifactKey: Guid(7e724291269c40a428954f6693d70362) Importer(815301076,1909f56bfc062723c751e8b465ee728b)
Start importing Assets/Materials/Maps/piso.jpg using Guid(7e724291269c40a428954f6693d70362) Importer(815301076,1909f56bfc062723c751e8b465ee728b)  -> (artifact id: '7b419bbd770e3b1f4ad43886b9d527c7') in 0.013790 seconds
  Import took 0.018892 seconds .

========================================================================
Received Import Request.
  Time since last request: 0.000188 seconds.
  path: Assets/Materials/Maps/techos1.jpg
  artifactKey: Guid(8468b0a9ec2a800499c21cd94076c41d) Importer(815301076,1909f56bfc062723c751e8b465ee728b)
Start importing Assets/Materials/Maps/techos1.jpg using Guid(8468b0a9ec2a800499c21cd94076c41d) Importer(815301076,1909f56bfc062723c751e8b465ee728b)  -> (artifact id: 'ac653cb8acc57609b1e6c7fe36091a17') in 0.035449 seconds
  Import took 0.039235 seconds .

========================================================================
Received Import Request.
  Time since last request: 0.000199 seconds.
  path: Assets/Materials/Maps/muroExterior.jpg
  artifactKey: Guid(21300c879c2b1e6458a56d5ed2a7beae) Importer(815301076,1909f56bfc062723c751e8b465ee728b)
Start importing Assets/Materials/Maps/muroExterior.jpg using Guid(21300c879c2b1e6458a56d5ed2a7beae) Importer(815301076,1909f56bfc062723c751e8b465ee728b)  -> (artifact id: '66605b3dde741ecf322b8161ffaa8158') in 0.022461 seconds
  Import took 0.026754 seconds .

========================================================================
Received Import Request.
  Time since last request: 50.214878 seconds.
  path: ProjectSettings/TagManager.asset
  artifactKey: Guid(00000000000000003000000000000000) Importer(815301076,1909f56bfc062723c751e8b465ee728b)
Start importing ProjectSettings/TagManager.asset using Guid(00000000000000003000000000000000) Importer(815301076,1909f56bfc062723c751e8b465ee728b)  -> (artifact id: '5fb0ee4644b1119640bffc6fb7db9f41') in 0.009276 seconds
  Import took 0.012951 seconds .

========================================================================
Received Import Request.
  Time since last request: 0.009494 seconds.
  path: ProjectSettings/TagManager.asset
  artifactKey: Guid(00000000000000003000000000000000) Importer(815301076,1909f56bfc062723c751e8b465ee728b)
Start importing ProjectSettings/TagManager.asset using Guid(00000000000000003000000000000000) Importer(815301076,1909f56bfc062723c751e8b465ee728b)  -> (artifact id: '5fb0ee4644b1119640bffc6fb7db9f41') in 0.002951 seconds
  Import took 0.006459 seconds .

========================================================================
Received Import Request.
  Time since last request: 265.834142 seconds.
  path: Assets/Scripts/HitboxInfo.cs
  artifactKey: Guid(a38c9624d6ccaa1438d1ac62e2c041b7) Importer(815301076,1909f56bfc062723c751e8b465ee728b)
Start importing Assets/Scripts/HitboxInfo.cs using Guid(a38c9624d6ccaa1438d1ac62e2c041b7) Importer(815301076,1909f56bfc062723c751e8b465ee728b)  -> (artifact id: '4f7f0d7a9acfe7387a29c55dbe46da05') in 0.121615 seconds
  Import took 0.125454 seconds .

========================================================================
Received Prepare
Registering precompiled user dll's ...
Registered in 0.004941 seconds.
Begin MonoManager ReloadAssembly
Native extension for WindowsStandalone target not found
Refreshing native plugins compatible for Editor in 0.56 ms, found 2 plugins.
Preloading 0 native plugins for Editor in 0.00 ms.
Mono: successfully reloaded assembly
- Completed reload, in  1.228 seconds
Platform modules already initialized, skipping
Refreshing native plugins compatible for Editor in 0.84 ms, found 2 plugins.
Preloading 0 native plugins for Editor in 0.00 ms.
Unloading 1856 Unused Serialized files (Serialized files now loaded: 0)
System memory in use before: 86.9 MB.
System memory in use after: 87.0 MB.

Unloading 18 unused Assets to reduce memory usage. Loaded Objects now: 2346.
Total: 2.398900 ms (FindLiveObjects: 0.229700 ms CreateObjectMapping: 0.083400 ms MarkObjects: 2.020000 ms  DeleteObjects: 0.064600 ms)

========================================================================
Received Prepare
Registering precompiled user dll's ...
Registered in 0.005033 seconds.
Begin MonoManager ReloadAssembly
Native extension for WindowsStandalone target not found
Refreshing native plugins compatible for Editor in 0.53 ms, found 2 plugins.
Preloading 0 native plugins for Editor in 0.00 ms.
Mono: successfully reloaded assembly
- Completed reload, in  1.120 seconds
Platform modules already initialized, skipping
Refreshing native plugins compatible for Editor in 0.86 ms, found 2 plugins.
Preloading 0 native plugins for Editor in 0.00 ms.
Unloading 1856 Unused Serialized files (Serialized files now loaded: 0)
System memory in use before: 87.0 MB.
System memory in use after: 87.1 MB.

Unloading 16 unused Assets to reduce memory usage. Loaded Objects now: 2349.
Total: 2.294000 ms (FindLiveObjects: 0.197200 ms CreateObjectMapping: 0.071500 ms MarkObjects: 1.963900 ms  DeleteObjects: 0.060400 ms)

========================================================================
Received Prepare
Registering precompiled user dll's ...
Registered in 0.005026 seconds.
Begin MonoManager ReloadAssembly
Native extension for WindowsStandalone target not found
Refreshing native plugins compatible for Editor in 0.49 ms, found 2 plugins.
Preloading 0 native plugins for Editor in 0.00 ms.
Mono: successfully reloaded assembly
- Completed reload, in  1.136 seconds
Platform modules already initialized, skipping
Refreshing native plugins compatible for Editor in 0.84 ms, found 2 plugins.
Preloading 0 native plugins for Editor in 0.00 ms.
Unloading 1856 Unused Serialized files (Serialized files now loaded: 0)
System memory in use before: 87.0 MB.
System memory in use after: 87.1 MB.

Unloading 16 unused Assets to reduce memory usage. Loaded Objects now: 2352.
Total: 2.491000 ms (FindLiveObjects: 0.199700 ms CreateObjectMapping: 0.076800 ms MarkObjects: 2.149600 ms  DeleteObjects: 0.063800 ms)

========================================================================
Received Prepare
Registering precompiled user dll's ...
Registered in 0.007510 seconds.
Begin MonoManager ReloadAssembly
Native extension for WindowsStandalone target not found
Refreshing native plugins compatible for Editor in 0.98 ms, found 2 plugins.
Preloading 0 native plugins for Editor in 0.00 ms.
Mono: successfully reloaded assembly
- Completed reload, in  3.121 seconds
Platform modules already initialized, skipping
Refreshing native plugins compatible for Editor in 2.24 ms, found 2 plugins.
Preloading 0 native plugins for Editor in 0.00 ms.
Unloading 1856 Unused Serialized files (Serialized files now loaded: 0)
System memory in use before: 87.0 MB.
System memory in use after: 87.1 MB.

Unloading 16 unused Assets to reduce memory usage. Loaded Objects now: 2355.
Total: 6.072800 ms (FindLiveObjects: 0.414900 ms CreateObjectMapping: 0.158100 ms MarkObjects: 5.394100 ms  DeleteObjects: 0.104200 ms)

AssetImportWorkerClient::OnTransportError - code=2 error=End of file
